Linux proxmox 6.8.12-5-pve #1 SMP PREEMPT_DYNAMIC PMX 6.8.12-5 (2024-12-03T10:26Z) x86_64

The programs included with the Debian GNU/Linux system are free software;
the exact distribution terms for each program are described in the
individual files in /usr/share/doc/*/copyright.

Debian GNU/Linux comes with ABSOLUTELY NO WARRANTY, to the extent
permitted by applicable law.
Last login: Sat Dec 14 16:00:28 +08 2024 on pts/0
root@proxmox:~# free -h
               total        used        free      shared  buff/cache   available
Mem:            62Gi       2.3Gi        60Gi        45Mi       142Mi        60Gi
Swap:             0B          0B          0B
root@proxmox:~# dmidecode --type 17
# dmidecode 3.4
Getting SMBIOS data from sysfs.
SMBIOS 3.5.0 present.

Handle 0x0023, DMI type 17, 92 bytes
Memory Device
        Array Handle: 0x0022
        Error Information Handle: Not Provided
        Total Width: Unknown
        Data Width: Unknown
        Size: No Module Installed
        Form Factor: Unknown
        Set: None
        Locator: Controller0-ChannelA-DIMM0
        Bank Locator: BANK 0
        Type: Unknown
        Type Detail: None

Handle 0x0024, DMI type 17, 92 bytes
Memory Device
        Array Handle: 0x0022
        Error Information Handle: Not Provided
        Total Width: 80 bits
        Data Width: 64 bits
        Size: 32 GB
        Form Factor: SODIMM
        Set: None
        Locator: Controller0-ChannelA-DIMM1
        Bank Locator: BANK 0
        Type: DDR5
        Type Detail: Synchronous
        Speed: 5600 MT/s
        Manufacturer: SK Hynix
        Serial Number: 87D16735
        Asset Tag: TesttAssetTag
        Part Number: HMCG88AGBAA095N     
        Rank: 2
        Configured Memory Speed: 4000 MT/s
        Minimum Voltage: 1.1 V
        Maximum Voltage: 1.1 V
        Configured Voltage: 1.1 V
        Memory Technology: DRAM
        Memory Operating Mode Capability: Volatile memory
        Firmware Version: Not Specified
        Module Manufacturer ID: Bank 1, Hex 0xAD
        Module Product ID: Unknown
        Memory Subsystem Controller Manufacturer ID: Unknown
        Memory Subsystem Controller Product ID: Unknown
        Non-Volatile Size: None
        Volatile Size: 32 GB
        Cache Size: None
        Logical Size: None

Handle 0x0025, DMI type 17, 92 bytes
Memory Device
        Array Handle: 0x0022
        Error Information Handle: Not Provided
        Total Width: Unknown
        Data Width: Unknown
        Size: No Module Installed
        Form Factor: Unknown
        Set: None
        Locator: Controller1-ChannelA-DIMM0
        Bank Locator: BANK 0
        Type: Unknown
        Type Detail: None

Handle 0x0026, DMI type 17, 92 bytes
Memory Device
        Array Handle: 0x0022
        Error Information Handle: Not Provided
        Total Width: 80 bits
        Data Width: 64 bits
        Size: 32 GB
        Form Factor: SODIMM
        Set: None
        Locator: Controller1-ChannelA-DIMM1
        Bank Locator: BANK 0
        Type: DDR5
        Type Detail: Synchronous
        Speed: 5600 MT/s
        Manufacturer: SK Hynix
        Serial Number: 87D168A8
        Asset Tag: TesttAssetTag
        Part Number: HMCG88AGBAA095N     
        Rank: 2
        Configured Memory Speed: 4000 MT/s
        Minimum Voltage: 1.1 V
        Maximum Voltage: 1.1 V
        Configured Voltage: 1.1 V
        Memory Technology: DRAM
        Memory Operating Mode Capability: Volatile memory
        Firmware Version: Not Specified
        Module Manufacturer ID: Bank 1, Hex 0xAD
        Module Product ID: Unknown
        Memory Subsystem Controller Manufacturer ID: Unknown
        Memory Subsystem Controller Product ID: Unknown
        Non-Volatile Size: None
        Volatile Size: 32 GB
        Cache Size: None
        Logical Size: None

root@proxmox:~# lshw -class memory
-bash: lshw: command not found
root@proxmox:~# dmidecode -t memory
# dmidecode 3.4
Getting SMBIOS data from sysfs.
SMBIOS 3.5.0 present.

Handle 0x0022, DMI type 16, 23 bytes
Physical Memory Array
        Location: System Board Or Motherboard
        Use: System Memory
        Error Correction Type: Single-bit ECC
        Maximum Capacity: 128 GB
        Error Information Handle: Not Provided
        Number Of Devices: 4

Handle 0x0023, DMI type 17, 92 bytes
Memory Device
        Array Handle: 0x0022
        Error Information Handle: Not Provided
        Total Width: Unknown
        Data Width: Unknown
        Size: No Module Installed
        Form Factor: Unknown
        Set: None
        Locator: Controller0-ChannelA-DIMM0
        Bank Locator: BANK 0
        Type: Unknown
        Type Detail: None

Handle 0x0024, DMI type 17, 92 bytes
Memory Device
        Array Handle: 0x0022
        Error Information Handle: Not Provided
        Total Width: 80 bits
        Data Width: 64 bits
        Size: 32 GB
        Form Factor: SODIMM
        Set: None
        Locator: Controller0-ChannelA-DIMM1
        Bank Locator: BANK 0
        Type: DDR5
        Type Detail: Synchronous
        Speed: 5600 MT/s
        Manufacturer: SK Hynix
        Serial Number: 87D16735
        Asset Tag: TesttAssetTag
        Part Number: HMCG88AGBAA095N     
        Rank: 2
        Configured Memory Speed: 4000 MT/s
        Minimum Voltage: 1.1 V
        Maximum Voltage: 1.1 V
        Configured Voltage: 1.1 V
        Memory Technology: DRAM
        Memory Operating Mode Capability: Volatile memory
        Firmware Version: Not Specified
        Module Manufacturer ID: Bank 1, Hex 0xAD
        Module Product ID: Unknown
        Memory Subsystem Controller Manufacturer ID: Unknown
        Memory Subsystem Controller Product ID: Unknown
        Non-Volatile Size: None
        Volatile Size: 32 GB
        Cache Size: None
        Logical Size: None

Handle 0x0025, DMI type 17, 92 bytes
Memory Device
        Array Handle: 0x0022
        Error Information Handle: Not Provided
        Total Width: Unknown
        Data Width: Unknown
        Size: No Module Installed
        Form Factor: Unknown
        Set: None
        Locator: Controller1-ChannelA-DIMM0
        Bank Locator: BANK 0
        Type: Unknown
        Type Detail: None

Handle 0x0026, DMI type 17, 92 bytes
Memory Device
        Array Handle: 0x0022
        Error Information Handle: Not Provided
        Total Width: 80 bits
        Data Width: 64 bits
        Size: 32 GB
        Form Factor: SODIMM
        Set: None
        Locator: Controller1-ChannelA-DIMM1
        Bank Locator: BANK 0
        Type: DDR5
        Type Detail: Synchronous
        Speed: 5600 MT/s
        Manufacturer: SK Hynix
        Serial Number: 87D168A8
        Asset Tag: TesttAssetTag
        Part Number: HMCG88AGBAA095N     
        Rank: 2
        Configured Memory Speed: 4000 MT/s
        Minimum Voltage: 1.1 V
        Maximum Voltage: 1.1 V
        Configured Voltage: 1.1 V
        Memory Technology: DRAM
        Memory Operating Mode Capability: Volatile memory
        Firmware Version: Not Specified
        Module Manufacturer ID: Bank 1, Hex 0xAD
        Module Product ID: Unknown
        Memory Subsystem Controller Manufacturer ID: Unknown
        Memory Subsystem Controller Product ID: Unknown
        Non-Volatile Size: None
        Volatile Size: 32 GB
        Cache Size: None
        Logical Size: None

root@proxmox:~# 
